<?xml version="1.0" encoding="UTF-8"?>
<!-- Generated by org.testng.reporters.JUnitXMLReporter -->
<testsuite ignored="3" hostname="Reshma" failures="0" tests="3" name="Test" time="0.126" errors="0" timestamp="2025-08-21T09:45:21 IST">
  <testcase classname="demopackage.Base" name="@BeforeMethod browserIntialization" time="-1.755749720719E9">
    <failure type="org.testng.TestNGException" message="
Parameter &amp;apos;browser&amp;apos; is required by BeforeMethod on method browserIntialization but has not been marked @Optional or defined
in C:\Users\reshm\eclipse-workspace\DemoProject1\testng.xml">
      <![CDATA[org.testng.TestNGException: 
Parameter 'browser' is required by BeforeMethod on method browserIntialization but has not been marked @Optional or defined
in C:\Users\reshm\eclipse-workspace\DemoProject1\testng.xml
at java.base/java.util.ArrayList.forEach(ArrayList.java:1596)
... Removed 28 stack frames]]>
    </failure>
  </testcase> <!-- @BeforeMethod browserIntialization -->
  <testcase classname="demopackage.Base" name="@AfterMethod quitAndClose" time="0.0">
    <skipped/>
  </testcase> <!-- @AfterMethod quitAndClose -->
  <testcase classname="demopackage.Base" name="@BeforeMethod browserIntialization" time="-1.755749720766E9">
    <failure type="org.testng.TestNGException" message="
Parameter &amp;apos;browser&amp;apos; is required by BeforeMethod on method browserIntialization but has not been marked @Optional or defined
in C:\Users\reshm\eclipse-workspace\DemoProject1\testng.xml">
      <![CDATA[org.testng.TestNGException: 
Parameter 'browser' is required by BeforeMethod on method browserIntialization but has not been marked @Optional or defined
in C:\Users\reshm\eclipse-workspace\DemoProject1\testng.xml
at java.base/java.util.ArrayList.forEach(ArrayList.java:1596)
... Removed 28 stack frames]]>
    </failure>
  </testcase> <!-- @BeforeMethod browserIntialization -->
  <testcase classname="demopackage.Base" name="@AfterMethod quitAndClose" time="0.0">
    <skipped/>
  </testcase> <!-- @AfterMethod quitAndClose -->
  <testcase classname="demopackage.Base" name="@BeforeMethod browserIntialization" time="-1.755749720787E9">
    <failure type="org.testng.TestNGException" message="
Parameter &amp;apos;browser&amp;apos; is required by BeforeMethod on method browserIntialization but has not been marked @Optional or defined
in C:\Users\reshm\eclipse-workspace\DemoProject1\testng.xml">
      <![CDATA[org.testng.TestNGException: 
Parameter 'browser' is required by BeforeMethod on method browserIntialization but has not been marked @Optional or defined
in C:\Users\reshm\eclipse-workspace\DemoProject1\testng.xml
at java.base/java.util.ArrayList.forEach(ArrayList.java:1596)
... Removed 28 stack frames]]>
    </failure>
  </testcase> <!-- @BeforeMethod browserIntialization -->
  <testcase classname="demopackage.Base" name="@AfterMethod quitAndClose" time="0.0">
    <skipped/>
  </testcase> <!-- @AfterMethod quitAndClose -->
  <testcase classname="demopackage.ManagementNewsTest" name="manageNews" time="0.001">
    <skipped/>
  </testcase> <!-- manageNews -->
  <testcase classname="demopackage.Logintest" name="loginwithvalidCredential" time="0.0">
    <skipped/>
  </testcase> <!-- loginwithvalidCredential -->
  <testcase classname="demopackage.AdminUserTest" name="AdminUserInformation" time="0.0">
    <skipped/>
  </testcase> <!-- AdminUserInformation -->
  <testcase classname="demopackage.Logintest" name="loginUsernamaIncorrectPasswordCorrect" time="0.0">
    <ignored/>
  </testcase> <!-- loginUsernamaIncorrectPasswordCorrect -->
  <testcase classname="demopackage.Logintest" name="loginWithInvalidCredentials" time="0.0">
    <ignored/>
  </testcase> <!-- loginWithInvalidCredentials -->
  <testcase classname="demopackage.Logintest" name="loginUsernameIncorrectPasswordCorrect" time="0.0">
    <ignored/>
  </testcase> <!-- loginUsernameIncorrectPasswordCorrect -->
</testsuite> <!-- Test -->
