<?xml version="1.0" encoding="UTF-8"?>
<!-- Generated by org.testng.reporters.JUnitXMLReporter -->
<testsuite ignored="3" hostname="Reshma" failures="0" tests="4" name="Test" time="0.13" errors="0" timestamp="2025-08-22T10:06:17 IST">
  <testcase classname="demopackage.Base" name="@BeforeMethod browserIntialization" time="-1.755837377235E9">
    <failure type="org.testng.TestNGException" message="
Parameter &amp;apos;browser&amp;apos; is required by BeforeMethod on method browserIntialization but has not been marked @Optional or defined
in C:\Users\reshm\eclipse-workspace\DemoProject1\testng.xml">
      <![CDATA[org.testng.TestNGException: 
Parameter 'browser' is required by BeforeMethod on method browserIntialization but has not been marked @Optional or defined
in C:\Users\reshm\eclipse-workspace\DemoProject1\testng.xml
at java.base/java.util.ArrayList.forEach(ArrayList.java:1596)
... Removed 32 stack frames]]>
    </failure>
  </testcase> <!-- @BeforeMethod browserIntialization -->
  <testcase classname="demopackage.Base" name="@AfterMethod browserQuit" time="0.005">
    <failure type="java.lang.NullPointerException" message="Cannot invoke &amp;quot;org.openqa.selenium.WebDriver.quit()&amp;quot; because &amp;quot;this.driver&amp;quot; is null">
      <![CDATA[java.lang.NullPointerException: Cannot invoke "org.openqa.selenium.WebDriver.quit()" because "this.driver" is null
at demopackage.Base.browserQuit(Base.java:51)
at java.base/java.util.ArrayList.forEach(ArrayList.java:1596)
... Removed 34 stack frames]]>
    </failure>
  </testcase> <!-- @AfterMethod browserQuit -->
  <testcase classname="demopackage.Base" name="@BeforeMethod browserIntialization" time="0.0">
    <skipped/>
  </testcase> <!-- @BeforeMethod browserIntialization -->
  <testcase classname="demopackage.Base" name="@AfterMethod browserQuit" time="0.001">
    <failure type="java.lang.NullPointerException" message="Cannot invoke &amp;quot;org.openqa.selenium.WebDriver.quit()&amp;quot; because &amp;quot;this.driver&amp;quot; is null">
      <![CDATA[java.lang.NullPointerException: Cannot invoke "org.openqa.selenium.WebDriver.quit()" because "this.driver" is null
at demopackage.Base.browserQuit(Base.java:51)
at java.base/java.util.ArrayList.forEach(ArrayList.java:1596)
... Removed 34 stack frames]]>
    </failure>
  </testcase> <!-- @AfterMethod browserQuit -->
  <testcase classname="demopackage.Base" name="@BeforeMethod browserIntialization" time="-1.755837377295E9">
    <failure type="org.testng.TestNGException" message="
Parameter &amp;apos;browser&amp;apos; is required by BeforeMethod on method browserIntialization but has not been marked @Optional or defined
in C:\Users\reshm\eclipse-workspace\DemoProject1\testng.xml">
      <![CDATA[org.testng.TestNGException: 
Parameter 'browser' is required by BeforeMethod on method browserIntialization but has not been marked @Optional or defined
in C:\Users\reshm\eclipse-workspace\DemoProject1\testng.xml
at java.base/java.util.ArrayList.forEach(ArrayList.java:1596)
... Removed 32 stack frames]]>
    </failure>
  </testcase> <!-- @BeforeMethod browserIntialization -->
  <testcase classname="demopackage.Base" name="@AfterMethod browserQuit" time="0.002">
    <failure type="java.lang.NullPointerException" message="Cannot invoke &amp;quot;org.openqa.selenium.WebDriver.quit()&amp;quot; because &amp;quot;this.driver&amp;quot; is null">
      <![CDATA[java.lang.NullPointerException: Cannot invoke "org.openqa.selenium.WebDriver.quit()" because "this.driver" is null
at demopackage.Base.browserQuit(Base.java:51)
at java.base/java.util.ArrayList.forEach(ArrayList.java:1596)
... Removed 34 stack frames]]>
    </failure>
  </testcase> <!-- @AfterMethod browserQuit -->
  <testcase classname="demopackage.Base" name="@BeforeMethod browserIntialization" time="-1.755837377304E9">
    <failure type="org.testng.TestNGException" message="
Parameter &amp;apos;browser&amp;apos; is required by BeforeMethod on method browserIntialization but has not been marked @Optional or defined
in C:\Users\reshm\eclipse-workspace\DemoProject1\testng.xml">
      <![CDATA[org.testng.TestNGException: 
Parameter 'browser' is required by BeforeMethod on method browserIntialization but has not been marked @Optional or defined
in C:\Users\reshm\eclipse-workspace\DemoProject1\testng.xml
at java.base/java.util.ArrayList.forEach(ArrayList.java:1596)
... Removed 32 stack frames]]>
    </failure>
  </testcase> <!-- @BeforeMethod browserIntialization -->
  <testcase classname="demopackage.Base" name="@AfterMethod browserQuit" time="0.001">
    <failure type="java.lang.NullPointerException" message="Cannot invoke &amp;quot;org.openqa.selenium.WebDriver.quit()&amp;quot; because &amp;quot;this.driver&amp;quot; is null">
      <![CDATA[java.lang.NullPointerException: Cannot invoke "org.openqa.selenium.WebDriver.quit()" because "this.driver" is null
at demopackage.Base.browserQuit(Base.java:51)
at java.base/java.util.ArrayList.forEach(ArrayList.java:1596)
... Removed 34 stack frames]]>
    </failure>
  </testcase> <!-- @AfterMethod browserQuit -->
  <testcase classname="demopackage.ManagementNewsTest" name="manageNews" time="0.0">
    <skipped/>
  </testcase> <!-- manageNews -->
  <testcase classname="demopackage.ManagementNewsTest" name="newsUpdate" time="0.0">
    <skipped/>
  </testcase> <!-- newsUpdate -->
  <testcase classname="demopackage.Logintest" name="loginwithvalidCredential" time="0.0">
    <skipped/>
  </testcase> <!-- loginwithvalidCredential -->
  <testcase classname="demopackage.AdminUserTest" name="AdminUserInformation" time="0.0">
    <skipped/>
  </testcase> <!-- AdminUserInformation -->
  <testcase classname="demopackage.Logintest" name="loginWithInvalidCredentials" time="0.0">
    <ignored/>
  </testcase> <!-- loginWithInvalidCredentials -->
  <testcase classname="demopackage.Logintest" name="loginUsernameIncorrectPasswordCorrect" time="0.0">
    <ignored/>
  </testcase> <!-- loginUsernameIncorrectPasswordCorrect -->
  <testcase classname="demopackage.Logintest" name="loginUsernamaIncorrectPasswordCorrect" time="0.0">
    <ignored/>
  </testcase> <!-- loginUsernamaIncorrectPasswordCorrect -->
</testsuite> <!-- Test -->
